# JRE version: OpenJDK Runtime Environment Temurin-17.0.4.1+1 (17.0.4.1+1) (build 17.0.4.1+1)
# Java VM: OpenJDK 64-Bit Server VM Temurin-17.0.4.1+1 (17.0.4.1+1, mixed mode, emulated-client, tiered, compressed oops, compressed class ptrs, g1 gc, windows-amd64)
GC Precious Log:
 CPUs: 8 total, 8 available
 Memory: 7834M
 Large Page Support: Disabled
 NUMA Support: Disabled
 Compressed Oops: Enabled (32-bit)
 Heap Region Size: 1M
 Heap Min Capacity: 8M
 Heap Initial Capacity: 124M
 Heap Max Capacity: 1960M
 Pre-touch: Disabled
 Parallel Workers: 8
 Concurrent Workers: 2
 Concurrent Refinement Workers: 8
 Periodic GC: Disabled
Heap:
 garbage-first heap   total 58368K, used 26944K [0x0000000085800000, 0x0000000100000000)
  region size 1024K, 5 young (5120K), 3 survivors (3072K)
 Metaspace       used 53234K, committed 53568K, reserved 1097728K
  class space    used 6816K, committed 6976K, reserved 1048576K
GC Heap History (20 events):
Event: 3.006 GC heap before
{Heap before GC invocations=5 (full 0):
 garbage-first heap   total 48128K, used 29820K [0x0000000085800000, 0x0000000100000000)
  region size 1024K, 21 young (21504K), 3 survivors (3072K)
 Metaspace       used 28649K, committed 28992K, reserved 1081344K
  class space    used 3433K, committed 3584K, reserved 1048576K
}
Event: 3.010 GC heap after
{Heap after GC invocations=6 (full 0):
 garbage-first heap   total 48128K, used 13663K [0x0000000085800000, 0x0000000100000000)
  region size 1024K, 3 young (3072K), 3 survivors (3072K)
 Metaspace       used 28649K, committed 28992K, reserved 1081344K
  class space    used 3433K, committed 3584K, reserved 1048576K
}
Event: 3.516 GC heap before
{Heap before GC invocations=6 (full 0):
 garbage-first heap   total 48128K, used 31071K [0x0000000085800000, 0x0000000100000000)
  region size 1024K, 21 young (21504K), 3 survivors (3072K)
 Metaspace       used 29641K, committed 29952K, reserved 1081344K
  class space    used 3554K, committed 3648K, reserved 1048576K
}
Event: 3.519 GC heap after
{Heap after GC invocations=7 (full 0):
 garbage-first heap   total 58368K, used 14885K [0x0000000085800000, 0x0000000100000000)
  region size 1024K, 3 young (3072K), 3 survivors (3072K)
 Metaspace       used 29641K, committed 29952K, reserved 1081344K
  class space    used 3554K, committed 3648K, reserved 1048576K
}
Event: 4.062 GC heap before
{Heap before GC invocations=7 (full 0):
 garbage-first heap   total 58368K, used 41509K [0x0000000085800000, 0x0000000100000000)
  region size 1024K, 29 young (29696K), 3 survivors (3072K)
 Metaspace       used 30944K, committed 31232K, reserved 1081344K
  class space    used 3726K, committed 3840K, reserved 1048576K
}
Event: 4.066 GC heap after
{Heap after GC invocations=8 (full 0):
 garbage-first heap   total 58368K, used 16400K [0x0000000085800000, 0x0000000100000000)
  region size 1024K, 3 young (3072K), 3 survivors (3072K)
 Metaspace       used 30944K, committed 31232K, reserved 1081344K
  class space    used 3726K, committed 3840K, reserved 1048576K
}
Event: 4.489 GC heap before
{Heap before GC invocations=8 (full 0):
 garbage-first heap   total 58368K, used 40976K [0x0000000085800000, 0x0000000100000000)
  region size 1024K, 28 young (28672K), 3 survivors (3072K)
 Metaspace       used 32469K, committed 32768K, reserved 1081344K
  class space    used 3921K, committed 4032K, reserved 1048576K
}
Event: 4.492 GC heap after
{Heap after GC invocations=9 (full 0):
 garbage-first heap   total 58368K, used 17451K [0x0000000085800000, 0x0000000100000000)
  region size 1024K, 3 young (3072K), 3 survivors (3072K)
 Metaspace       used 32469K, committed 32768K, reserved 1081344K
  class space    used 3921K, committed 4032K, reserved 1048576K
}
Event: 5.033 GC heap before
{Heap before GC invocations=9 (full 0):
 garbage-first heap   total 58368K, used 42027K [0x0000000085800000, 0x0000000100000000)
  region size 1024K, 27 young (27648K), 3 survivors (3072K)
 Metaspace       used 34964K, committed 35328K, reserved 1081344K
  class space    used 4293K, committed 4480K, reserved 1048576K
}
Event: 5.036 GC heap after
{Heap after GC invocations=10 (full 0):
 garbage-first heap   total 58368K, used 18855K [0x0000000085800000, 0x0000000100000000)
  region size 1024K, 3 young (3072K), 3 survivors (3072K)
 Metaspace       used 34964K, committed 35328K, reserved 1081344K
  class space    used 4293K, committed 4480K, reserved 1048576K
}
Event: 5.141 GC heap before
{Heap before GC invocations=10 (full 0):
 garbage-first heap   total 58368K, used 23975K [0x0000000085800000, 0x0000000100000000)
  region size 1024K, 9 young (9216K), 3 survivors (3072K)
 Metaspace       used 35675K, committed 35968K, reserved 1081344K
  class space    used 4411K, committed 4544K, reserved 1048576K
}
Event: 5.144 GC heap after
{Heap after GC invocations=11 (full 0):
 garbage-first heap   total 58368K, used 19701K [0x0000000085800000, 0x0000000100000000)
  region size 1024K, 3 young (3072K), 3 survivors (3072K)
 Metaspace       used 35675K, committed 35968K, reserved 1081344K
  class space    used 4411K, committed 4544K, reserved 1048576K
}
Event: 5.707 GC heap before
{Heap before GC invocations=12 (full 0):
 garbage-first heap   total 58368K, used 41205K [0x0000000085800000, 0x0000000100000000)
  region size 1024K, 25 young (25600K), 3 survivors (3072K)
 Metaspace       used 39007K, committed 39360K, reserved 1089536K
  class space    used 4900K, committed 5056K, reserved 1048576K
}
Event: 5.712 GC heap after
{Heap after GC invocations=13 (full 0):
 garbage-first heap   total 58368K, used 22119K [0x0000000085800000, 0x0000000100000000)
  region size 1024K, 4 young (4096K), 4 survivors (4096K)
 Metaspace       used 39007K, committed 39360K, reserved 1089536K
  class space    used 4900K, committed 5056K, reserved 1048576K
}
Event: 6.120 GC heap before
{Heap before GC invocations=13 (full 0):
 garbage-first heap   total 58368K, used 42599K [0x0000000085800000, 0x0000000100000000)
  region size 1024K, 25 young (25600K), 4 survivors (4096K)
 Metaspace       used 41175K, committed 41536K, reserved 1089536K
  class space    used 5135K, committed 5376K, reserved 1048576K
}
Event: 6.124 GC heap after
{Heap after GC invocations=14 (full 0):
 garbage-first heap   total 58368K, used 23908K [0x0000000085800000, 0x0000000100000000)
  region size 1024K, 2 young (2048K), 2 survivors (2048K)
 Metaspace       used 41175K, committed 41536K, reserved 1089536K
  class space    used 5135K, committed 5376K, reserved 1048576K
}
Event: 6.705 GC heap before
{Heap before GC invocations=14 (full 0):
 garbage-first heap   total 58368K, used 43364K [0x0000000085800000, 0x0000000100000000)
  region size 1024K, 21 young (21504K), 2 survivors (2048K)
 Metaspace       used 45843K, committed 46272K, reserved 1089536K
  class space    used 5799K, committed 6016K, reserved 1048576K
}
Event: 6.708 GC heap after
{Heap after GC invocations=15 (full 0):
 garbage-first heap   total 58368K, used 24987K [0x0000000085800000, 0x0000000100000000)
  region size 1024K, 2 young (2048K), 2 survivors (2048K)
 Metaspace       used 45843K, committed 46272K, reserved 1089536K
  class space    used 5799K, committed 6016K, reserved 1048576K
}
Event: 7.408 GC heap before
{Heap before GC invocations=15 (full 0):
 garbage-first heap   total 58368K, used 44443K [0x0000000085800000, 0x0000000100000000)
  region size 1024K, 21 young (21504K), 2 survivors (2048K)
 Metaspace       used 52860K, committed 53184K, reserved 1097728K
  class space    used 6763K, committed 6912K, reserved 1048576K
}
Event: 7.411 GC heap after
{Heap after GC invocations=16 (full 0):
 garbage-first heap   total 58368K, used 25920K [0x0000000085800000, 0x0000000100000000)
  region size 1024K, 3 young (3072K), 3 survivors (3072K)
 Metaspace       used 52860K, committed 53184K, reserved 1097728K
  class space    used 6763K, committed 6912K, reserved 1048576K
}

