# JRE version: OpenJDK Runtime Environment Temurin-17.0.4.1+1 (17.0.4.1+1) (build 17.0.4.1+1)
# Java VM: OpenJDK 64-Bit Server VM Temurin-17.0.4.1+1 (17.0.4.1+1, mixed mode, emulated-client, tiered, compressed oops, compressed class ptrs, g1 gc, windows-amd64)
GC Precious Log:
 CPUs: 8 total, 8 available
 Memory: 7834M
 Large Page Support: Disabled
 NUMA Support: Disabled
 Compressed Oops: Enabled (32-bit)
 Heap Region Size: 1M
 Heap Min Capacity: 8M
 Heap Initial Capacity: 124M
 Heap Max Capacity: 1960M
 Pre-touch: Disabled
 Parallel Workers: 8
 Concurrent Workers: 2
 Concurrent Refinement Workers: 8
 Periodic GC: Disabled
Heap:
 garbage-first heap   total 48128K, used 28856K [0x0000000085800000, 0x0000000100000000)
  region size 1024K, 11 young (11264K), 1 survivors (1024K)
 Metaspace       used 37304K, committed 37632K, reserved 1089536K
  class space    used 4647K, committed 4800K, reserved 1048576K
GC Heap History (20 events):
Event: 4.827 GC heap before
{Heap before GC invocations=2 (full 0):
 garbage-first heap   total 126976K, used 26616K [0x0000000085800000, 0x0000000100000000)
  region size 1024K, 18 young (18432K), 1 survivors (1024K)
 Metaspace       used 21267K, committed 21504K, reserved 1073152K
  class space    used 2471K, committed 2560K, reserved 1048576K
}
Event: 4.832 GC heap after
{Heap after GC invocations=3 (full 0):
 garbage-first heap   total 126976K, used 11343K [0x0000000085800000, 0x0000000100000000)
  region size 1024K, 2 young (2048K), 2 survivors (2048K)
 Metaspace       used 21267K, committed 21504K, reserved 1073152K
  class space    used 2471K, committed 2560K, reserved 1048576K
}
Event: 5.569 GC heap before
{Heap before GC invocations=4 (full 0):
 garbage-first heap   total 48128K, used 34895K [0x0000000085800000, 0x0000000100000000)
  region size 1024K, 27 young (27648K), 2 survivors (2048K)
 Metaspace       used 25802K, committed 26112K, reserved 1073152K
  class space    used 3037K, committed 3200K, reserved 1048576K
}
Event: 5.575 GC heap after
{Heap after GC invocations=5 (full 0):
 garbage-first heap   total 48128K, used 12193K [0x0000000085800000, 0x0000000100000000)
  region size 1024K, 3 young (3072K), 3 survivors (3072K)
 Metaspace       used 25802K, committed 26112K, reserved 1073152K
  class space    used 3037K, committed 3200K, reserved 1048576K
}
Event: 5.597 GC heap before
{Heap before GC invocations=5 (full 0):
 garbage-first heap   total 48128K, used 13217K [0x0000000085800000, 0x0000000100000000)
  region size 1024K, 4 young (4096K), 3 survivors (3072K)
 Metaspace       used 26050K, committed 26304K, reserved 1073152K
  class space    used 3069K, committed 3200K, reserved 1048576K
}
Event: 5.603 GC heap after
{Heap after GC invocations=6 (full 0):
 garbage-first heap   total 48128K, used 12177K [0x0000000085800000, 0x0000000100000000)
  region size 1024K, 1 young (1024K), 1 survivors (1024K)
 Metaspace       used 26050K, committed 26304K, reserved 1073152K
  class space    used 3069K, committed 3200K, reserved 1048576K
}
Event: 6.457 GC heap before
{Heap before GC invocations=6 (full 0):
 garbage-first heap   total 48128K, used 30609K [0x0000000085800000, 0x0000000100000000)
  region size 1024K, 20 young (20480K), 1 survivors (1024K)
 Metaspace       used 28671K, committed 28992K, reserved 1081344K
  class space    used 3445K, committed 3584K, reserved 1048576K
}
Event: 6.459 GC heap after
{Heap after GC invocations=7 (full 0):
 garbage-first heap   total 48128K, used 13335K [0x0000000085800000, 0x0000000100000000)
  region size 1024K, 2 young (2048K), 2 survivors (2048K)
 Metaspace       used 28671K, committed 28992K, reserved 1081344K
  class space    used 3445K, committed 3584K, reserved 1048576K
}
Event: 7.587 GC heap before
{Heap before GC invocations=7 (full 0):
 garbage-first heap   total 48128K, used 31767K [0x0000000085800000, 0x0000000100000000)
  region size 1024K, 21 young (21504K), 2 survivors (2048K)
 Metaspace       used 29786K, committed 30080K, reserved 1081344K
  class space    used 3580K, committed 3712K, reserved 1048576K
}
Event: 7.592 GC heap after
{Heap after GC invocations=8 (full 0):
 garbage-first heap   total 48128K, used 14825K [0x0000000085800000, 0x0000000100000000)
  region size 1024K, 3 young (3072K), 3 survivors (3072K)
 Metaspace       used 29786K, committed 30080K, reserved 1081344K
  class space    used 3580K, committed 3712K, reserved 1048576K
}
Event: 8.514 GC heap before
{Heap before GC invocations=8 (full 0):
 garbage-first heap   total 48128K, used 33257K [0x0000000085800000, 0x0000000100000000)
  region size 1024K, 22 young (22528K), 3 survivors (3072K)
 Metaspace       used 30943K, committed 31232K, reserved 1081344K
  class space    used 3727K, committed 3840K, reserved 1048576K
}
Event: 8.519 GC heap after
{Heap after GC invocations=9 (full 0):
 garbage-first heap   total 48128K, used 15866K [0x0000000085800000, 0x0000000100000000)
  region size 1024K, 3 young (3072K), 3 survivors (3072K)
 Metaspace       used 30943K, committed 31232K, reserved 1081344K
  class space    used 3727K, committed 3840K, reserved 1048576K
}
Event: 8.837 GC heap before
{Heap before GC invocations=9 (full 0):
 garbage-first heap   total 48128K, used 35322K [0x0000000085800000, 0x0000000100000000)
  region size 1024K, 22 young (22528K), 3 survivors (3072K)
 Metaspace       used 30964K, committed 31232K, reserved 1081344K
  class space    used 3734K, committed 3840K, reserved 1048576K
}
Event: 8.841 GC heap after
{Heap after GC invocations=10 (full 0):
 garbage-first heap   total 48128K, used 16698K [0x0000000085800000, 0x0000000100000000)
  region size 1024K, 2 young (2048K), 2 survivors (2048K)
 Metaspace       used 30964K, committed 31232K, reserved 1081344K
  class space    used 3734K, committed 3840K, reserved 1048576K
}
Event: 9.972 GC heap before
{Heap before GC invocations=10 (full 0):
 garbage-first heap   total 48128K, used 35130K [0x0000000085800000, 0x0000000100000000)
  region size 1024K, 21 young (21504K), 2 survivors (2048K)
 Metaspace       used 33125K, committed 33472K, reserved 1081344K
  class space    used 4030K, committed 4224K, reserved 1048576K
}
Event: 9.978 GC heap after
{Heap after GC invocations=11 (full 0):
 garbage-first heap   total 48128K, used 17925K [0x0000000085800000, 0x0000000100000000)
  region size 1024K, 2 young (2048K), 2 survivors (2048K)
 Metaspace       used 33125K, committed 33472K, reserved 1081344K
  class space    used 4030K, committed 4224K, reserved 1048576K
}
Event: 11.365 GC heap before
{Heap before GC invocations=11 (full 0):
 garbage-first heap   total 48128K, used 37381K [0x0000000085800000, 0x0000000100000000)
  region size 1024K, 21 young (21504K), 2 survivors (2048K)
 Metaspace       used 35493K, committed 35840K, reserved 1081344K
  class space    used 4380K, committed 4544K, reserved 1048576K
}
Event: 11.375 GC heap after
{Heap after GC invocations=12 (full 0):
 garbage-first heap   total 48128K, used 19346K [0x0000000085800000, 0x0000000100000000)
  region size 1024K, 3 young (3072K), 3 survivors (3072K)
 Metaspace       used 35493K, committed 35840K, reserved 1081344K
  class space    used 4380K, committed 4544K, reserved 1048576K
}
Event: 11.452 GC heap before
{Heap before GC invocations=12 (full 0):
 garbage-first heap   total 48128K, used 20370K [0x0000000085800000, 0x0000000100000000)
  region size 1024K, 5 young (5120K), 3 survivors (3072K)
 Metaspace       used 35694K, committed 35968K, reserved 1081344K
  class space    used 4416K, committed 4544K, reserved 1048576K
}
Event: 11.457 GC heap after
{Heap after GC invocations=13 (full 0):
 garbage-first heap   total 48128K, used 19640K [0x0000000085800000, 0x0000000100000000)
  region size 1024K, 1 young (1024K), 1 survivors (1024K)
 Metaspace       used 35694K, committed 35968K, reserved 1081344K
  class space    used 4416K, committed 4544K, reserved 1048576K
}

